[ 2016-07-01T15:41:48+08:00 ] 127.0.0.1 /?m=backend
INFO: [ app_init ] --START--
INFO: Run Behavior\BuildLiteBehavior [ RunTime:0.001000s ]
INFO: [ app_init ] --END-- [ RunTime:0.002001s ]
INFO: [ app_begin ] --START--
INFO: Run Behavior\ReadHtmlCacheBehavior [ RunTime:0.001000s ]
INFO: [ app_begin ] --END-- [ RunTime:0.003000s ]
INFO: [ app_end ] --START--
INFO: Run Behavior\ShowPageTraceBehavior [ RunTime:0.002000s ]
INFO: [ app_end ] --END-- [ RunTime:0.003000s ]

[ 2016-07-01T15:42:04+08:00 ] 127.0.0.1 /?m=backend
INFO: [ app_init ] --START--
INFO: Run Behavior\BuildLiteBehavior [ RunTime:0.001000s ]
INFO: [ app_init ] --END-- [ RunTime:0.002001s ]
INFO: [ app_begin ] --START--
INFO: Run Behavior\ReadHtmlCacheBehavior [ RunTime:0.002000s ]
INFO: [ app_begin ] --END-- [ RunTime:0.003000s ]
INFO: [ app_end ] --START--
INFO: Run Behavior\ShowPageTraceBehavior [ RunTime:0.002000s ]
INFO: [ app_end ] --END-- [ RunTime:0.004001s ]

[ 2016-07-01T15:42:12+08:00 ] 127.0.0.1 /?m=backend
INFO: [ app_init ] --START--
INFO: Run Behavior\BuildLiteBehavior [ RunTime:0.001000s ]
INFO: [ app_init ] --END-- [ RunTime:0.001000s ]
INFO: [ app_begin ] --START--
INFO: Run Behavior\ReadHtmlCacheBehavior [ RunTime:0.002000s ]
INFO: [ app_begin ] --END-- [ RunTime:0.003001s ]
INFO: [ app_end ] --START--
INFO: Run Behavior\ShowPageTraceBehavior [ RunTime:0.002000s ]
INFO: [ app_end ] --END-- [ RunTime:0.003000s ]

[ 2016-07-01T15:42:13+08:00 ] 127.0.0.1 /?m=backend
INFO: [ app_init ] --START--
INFO: Run Behavior\BuildLiteBehavior [ RunTime:0.001000s ]
INFO: [ app_init ] --END-- [ RunTime:0.002000s ]
INFO: [ app_begin ] --START--
INFO: Run Behavior\ReadHtmlCacheBehavior [ RunTime:0.002001s ]
INFO: [ app_begin ] --END-- [ RunTime:0.005001s ]
INFO: [ app_end ] --START--
INFO: Run Behavior\ShowPageTraceBehavior [ RunTime:0.002000s ]
INFO: [ app_end ] --END-- [ RunTime:0.004000s ]

[ 2016-07-01T15:42:34+08:00 ] 127.0.0.1 /?m=backend
INFO: [ app_init ] --START--
INFO: Run Behavior\BuildLiteBehavior [ RunTime:0.000000s ]
INFO: [ app_init ] --END-- [ RunTime:0.002000s ]
INFO: [ app_begin ] --START--
INFO: Run Behavior\ReadHtmlCacheBehavior [ RunTime:0.002000s ]
INFO: [ app_begin ] --END-- [ RunTime:0.004000s ]
INFO: [ app_end ] --START--
INFO: Run Behavior\ShowPageTraceBehavior [ RunTime:0.002000s ]
INFO: [ app_end ] --END-- [ RunTime:0.004000s ]

[ 2016-07-01T15:42:47+08:00 ] 127.0.0.1 /?m=backend
INFO: [ app_init ] --START--
INFO: Run Behavior\BuildLiteBehavior [ RunTime:0.001000s ]
INFO: [ app_init ] --END-- [ RunTime:0.001000s ]
INFO: [ app_begin ] --START--
INFO: Run Behavior\ReadHtmlCacheBehavior [ RunTime:0.002001s ]
INFO: [ app_begin ] --END-- [ RunTime:0.003001s ]
ERR: 模板不存在:../Application/Tpl/Backend/Index_index.tpl
NOTIC: [2] Cannot modify header information - headers already sent by (output started at D:\projects\gamezz\ThinkPHP\Common\functions.php:102) D:\projects\gamezz\ThinkPHP\Library\Think\Think.class.php 第 229 行.
NOTIC: [2] Cannot modify header information - headers already sent by (output started at D:\projects\gamezz\ThinkPHP\Common\functions.php:102) D:\projects\gamezz\ThinkPHP\Library\Think\Think.class.php 第 230 行.

[ 2016-07-01T15:44:09+08:00 ] 127.0.0.1 /?m=backend
INFO: [ app_init ] --START--
INFO: Run Behavior\BuildLiteBehavior [ RunTime:0.001000s ]
INFO: [ app_init ] --END-- [ RunTime:0.001000s ]
INFO: [ app_begin ] --START--
INFO: Run Behavior\ReadHtmlCacheBehavior [ RunTime:0.003000s ]
INFO: [ app_begin ] --END-- [ RunTime:0.004000s ]
ERR: 模板不存在:../Application/Tpl/Backend/Index_index.tpl
NOTIC: [2] Cannot modify header information - headers already sent by (output started at D:\projects\gamezz\ThinkPHP\Common\functions.php:102) D:\projects\gamezz\ThinkPHP\Library\Think\Think.class.php 第 229 行.
NOTIC: [2] Cannot modify header information - headers already sent by (output started at D:\projects\gamezz\ThinkPHP\Common\functions.php:102) D:\projects\gamezz\ThinkPHP\Library\Think\Think.class.php 第 230 行.

[ 2016-07-01T15:44:11+08:00 ] 127.0.0.1 /?m=backend
INFO: [ app_init ] --START--
INFO: Run Behavior\BuildLiteBehavior [ RunTime:0.000000s ]
INFO: [ app_init ] --END-- [ RunTime:0.002000s ]
INFO: [ app_begin ] --START--
INFO: Run Behavior\ReadHtmlCacheBehavior [ RunTime:0.002000s ]
INFO: [ app_begin ] --END-- [ RunTime:0.003000s ]
ERR: 模板不存在:../Application/Tpl/Backend/Index_index.tpl
NOTIC: [2] Cannot modify header information - headers already sent by (output started at D:\projects\gamezz\ThinkPHP\Common\functions.php:102) D:\projects\gamezz\ThinkPHP\Library\Think\Think.class.php 第 229 行.
NOTIC: [2] Cannot modify header information - headers already sent by (output started at D:\projects\gamezz\ThinkPHP\Common\functions.php:102) D:\projects\gamezz\ThinkPHP\Library\Think\Think.class.php 第 230 行.

[ 2016-07-01T15:44:12+08:00 ] 127.0.0.1 /?m=backend
INFO: [ app_init ] --START--
INFO: Run Behavior\BuildLiteBehavior [ RunTime:0.000000s ]
INFO: [ app_init ] --END-- [ RunTime:0.002000s ]
INFO: [ app_begin ] --START--
INFO: Run Behavior\ReadHtmlCacheBehavior [ RunTime:0.002000s ]
INFO: [ app_begin ] --END-- [ RunTime:0.003000s ]
ERR: 模板不存在:../Application/Tpl/Backend/Index_index.tpl
NOTIC: [2] Cannot modify header information - headers already sent by (output started at D:\projects\gamezz\ThinkPHP\Common\functions.php:102) D:\projects\gamezz\ThinkPHP\Library\Think\Think.class.php 第 229 行.
NOTIC: [2] Cannot modify header information - headers already sent by (output started at D:\projects\gamezz\ThinkPHP\Common\functions.php:102) D:\projects\gamezz\ThinkPHP\Library\Think\Think.class.php 第 230 行.

[ 2016-07-01T15:44:12+08:00 ] 127.0.0.1 /?m=backend
INFO: [ app_init ] --START--
INFO: Run Behavior\BuildLiteBehavior [ RunTime:0.000000s ]
INFO: [ app_init ] --END-- [ RunTime:0.002000s ]
INFO: [ app_begin ] --START--
INFO: Run Behavior\ReadHtmlCacheBehavior [ RunTime:0.002000s ]
INFO: [ app_begin ] --END-- [ RunTime:0.003000s ]
ERR: 模板不存在:../Application/Tpl/Backend/Index_index.tpl
NOTIC: [2] Cannot modify header information - headers already sent by (output started at D:\projects\gamezz\ThinkPHP\Common\functions.php:102) D:\projects\gamezz\ThinkPHP\Library\Think\Think.class.php 第 229 行.
NOTIC: [2] Cannot modify header information - headers already sent by (output started at D:\projects\gamezz\ThinkPHP\Common\functions.php:102) D:\projects\gamezz\ThinkPHP\Library\Think\Think.class.php 第 230 行.

[ 2016-07-01T15:44:12+08:00 ] 127.0.0.1 /?m=backend
INFO: [ app_init ] --START--
INFO: Run Behavior\BuildLiteBehavior [ RunTime:0.001000s ]
INFO: [ app_init ] --END-- [ RunTime:0.001000s ]
INFO: [ app_begin ] --START--
INFO: Run Behavior\ReadHtmlCacheBehavior [ RunTime:0.001000s ]
INFO: [ app_begin ] --END-- [ RunTime:0.003000s ]
ERR: 模板不存在:../Application/Tpl/Backend/Index_index.tpl
NOTIC: [2] Cannot modify header information - headers already sent by (output started at D:\projects\gamezz\ThinkPHP\Common\functions.php:102) D:\projects\gamezz\ThinkPHP\Library\Think\Think.class.php 第 229 行.
NOTIC: [2] Cannot modify header information - headers already sent by (output started at D:\projects\gamezz\ThinkPHP\Common\functions.php:102) D:\projects\gamezz\ThinkPHP\Library\Think\Think.class.php 第 230 行.

[ 2016-07-01T15:44:13+08:00 ] 127.0.0.1 /?m=backend
INFO: [ app_init ] --START--
INFO: Run Behavior\BuildLiteBehavior [ RunTime:0.000000s ]
INFO: [ app_init ] --END-- [ RunTime:0.002000s ]
INFO: [ app_begin ] --START--
INFO: Run Behavior\ReadHtmlCacheBehavior [ RunTime:0.002000s ]
INFO: [ app_begin ] --END-- [ RunTime:0.004000s ]
ERR: 模板不存在:../Application/Tpl/Backend/Index_index.tpl
NOTIC: [2] Cannot modify header information - headers already sent by (output started at D:\projects\gamezz\ThinkPHP\Common\functions.php:102) D:\projects\gamezz\ThinkPHP\Library\Think\Think.class.php 第 229 行.
NOTIC: [2] Cannot modify header information - headers already sent by (output started at D:\projects\gamezz\ThinkPHP\Common\functions.php:102) D:\projects\gamezz\ThinkPHP\Library\Think\Think.class.php 第 230 行.

